<?xml version="1.0" encoding="UTF-8"?>
<!-- Generated by org.testng.reporters.JUnitXMLReporter -->
<testsuite hostname="KIHYDL0889" ignored="0" name="Test" tests="3" failures="0" timestamp="2021-11-16T22:38:13 IST" time="5.893" errors="0">
  <testcase name="create_new_user_with_valid_input" time="5.193" classname="smoketests.SmokeTestSuite"/>
  <testcase name="verify_page_number" time="0.394" classname="smoketests.SmokeTestSuite"/>
  <testcase name="verify_status_code_is_success" time="0.219" classname="smoketests.SmokeTestSuite"/>
</testsuite> <!-- Test -->
