<?xml version="1.0" encoding="UTF-8"?>
<testng-results skipped="0" failed="0" ignored="0" total="3" passed="3">
  <reporter-output>
  </reporter-output>
  <suite name="Suite" duration-ms="5893" started-at="2021-11-16T22:38:07 IST" finished-at="2021-11-16T22:38:13 IST">
    <groups>
    </groups>
    <test name="Test" duration-ms="5893" started-at="2021-11-16T22:38:07 IST" finished-at="2021-11-16T22:38:13 IST">
      <class name="smoketests.SmokeTestSuite">
        <test-method status="PASS" signature="create_new_user_with_valid_input()[pri:0, instance:smoketests.SmokeTestSuite@53f65459]" name="create_new_user_with_valid_input" duration-ms="5193" started-at="2021-11-16T22:38:07 IST" finished-at="2021-11-16T22:38:12 IST">
          <reporter-output>
          </reporter-output>
        </test-method> <!-- create_new_user_with_valid_input -->
        <test-method status="PASS" signature="verify_page_number()[pri:0, instance:smoketests.SmokeTestSuite@53f65459]" name="verify_page_number" duration-ms="394" started-at="2021-11-16T22:38:12 IST" finished-at="2021-11-16T22:38:12 IST">
          <reporter-output>
          </reporter-output>
        </test-method> <!-- verify_page_number -->
        <test-method status="PASS" signature="verify_status_code_is_success()[pri:0, instance:smoketests.SmokeTestSuite@53f65459]" name="verify_status_code_is_success" duration-ms="219" started-at="2021-11-16T22:38:12 IST" finished-at="2021-11-16T22:38:13 IST">
          <reporter-output>
          </reporter-output>
        </test-method> <!-- verify_status_code_is_success -->
      </class> <!-- smoketests.SmokeTestSuite -->
    </test> <!-- Test -->
  </suite> <!-- Suite -->
</testng-results>
